# JRE version: Java(TM) SE Runtime Environment (22.0.1+8) (build 22.0.1+8-16)
# Java VM: Java HotSpot(TM) 64-Bit Server VM (22.0.1+8-16, mixed mode, sharing, tiered, compressed oops, compressed class ptrs, g1 gc, windows-amd64)
GC Precious Log:
 CardTable entry size: 512
 Card Set container configuration: InlinePtr #cards 5 size 8 Array Of Cards #cards 12 size 40 Howl #buckets 4 coarsen threshold 1843 Howl Bitmap #cards 512 size 80 coarsen threshold 460 Card regions per heap region 1 cards per card region 2048
 CPUs: 4 total, 4 available
 Memory: 8043M
 Large Page Support: Disabled
 NUMA Support: Disabled
 Compressed Oops: Enabled (32-bit)
 Heap Region Size: 1M
 Heap Min Capacity: 8M
 Heap Initial Capacity: 126M
 Heap Max Capacity: 2012M
 Pre-touch: Disabled
 Parallel Workers: 4
 Concurrent Workers: 1
 Concurrent Refinement Workers: 4
 Periodic GC: Disabled
Heap:
 garbage-first heap   total reserved 2060288K, committed 112640K, used 86068K [0x0000000082400000, 0x0000000100000000)
  region size 1024K, 32 young (32768K), 4 survivors (4096K)
 Metaspace       used 33938K, committed 34496K, reserved 1114112K
  class space    used 3897K, committed 4160K, reserved 1048576K
GC Heap History (20 events):
Event: 12.292 GC heap before
{Heap before GC invocations=7 (full 0):
 garbage-first heap   total reserved 2060288K, committed 91136K, used 72192K [0x0000000082400000, 0x0000000100000000)
  region size 1024K, 41 young (41984K), 7 survivors (7168K)
 Metaspace       used 28540K, committed 28928K, reserved 1114112K
  class space    used 3312K, committed 3520K, reserved 1048576K
}
Event: 12.305 GC heap after
{Heap after GC invocations=8 (full 0):
 garbage-first heap   total reserved 2060288K, committed 91136K, used 39936K [0x0000000082400000, 0x0000000100000000)
  region size 1024K, 2 young (2048K), 2 survivors (2048K)
 Metaspace       used 28540K, committed 28928K, reserved 1114112K
  class space    used 3312K, committed 3520K, reserved 1048576K
}
Event: 13.882 GC heap before
{Heap before GC invocations=8 (full 0):
 garbage-first heap   total reserved 2060288K, committed 91136K, used 74752K [0x0000000082400000, 0x0000000100000000)
  region size 1024K, 36 young (36864K), 2 survivors (2048K)
 Metaspace       used 30790K, committed 31296K, reserved 1114112K
  class space    used 3611K, committed 3840K, reserved 1048576K
}
Event: 13.892 GC heap after
{Heap after GC invocations=9 (full 0):
 garbage-first heap   total reserved 2060288K, committed 91136K, used 40215K [0x0000000082400000, 0x0000000100000000)
  region size 1024K, 4 young (4096K), 4 survivors (4096K)
 Metaspace       used 30790K, committed 31296K, reserved 1114112K
  class space    used 3611K, committed 3840K, reserved 1048576K
}
Event: 14.472 GC heap before
{Heap before GC invocations=9 (full 0):
 garbage-first heap   total reserved 2060288K, committed 91136K, used 49431K [0x0000000082400000, 0x0000000100000000)
  region size 1024K, 11 young (11264K), 4 survivors (4096K)
 Metaspace       used 30810K, committed 31296K, reserved 1114112K
  class space    used 3611K, committed 3840K, reserved 1048576K
}
Event: 14.485 GC heap after
{Heap after GC invocations=10 (full 0):
 garbage-first heap   total reserved 2060288K, committed 91136K, used 40362K [0x0000000082400000, 0x0000000100000000)
  region size 1024K, 2 young (2048K), 2 survivors (2048K)
 Metaspace       used 30810K, committed 31296K, reserved 1114112K
  class space    used 3611K, committed 3840K, reserved 1048576K
}
Event: 14.581 GC heap before
{Heap before GC invocations=10 (full 0):
 garbage-first heap   total reserved 2060288K, committed 91136K, used 49578K [0x0000000082400000, 0x0000000100000000)
  region size 1024K, 10 young (10240K), 2 survivors (2048K)
 Metaspace       used 30811K, committed 31296K, reserved 1114112K
  class space    used 3611K, committed 3840K, reserved 1048576K
}
Event: 14.599 GC heap after
{Heap after GC invocations=11 (full 0):
 garbage-first heap   total reserved 2060288K, committed 91136K, used 48128K [0x0000000082400000, 0x0000000100000000)
  region size 1024K, 5 young (5120K), 5 survivors (5120K)
 Metaspace       used 30811K, committed 31296K, reserved 1114112K
  class space    used 3611K, committed 3840K, reserved 1048576K
}
Event: 15.118 GC heap before
{Heap before GC invocations=12 (full 0):
 garbage-first heap   total reserved 2060288K, committed 91136K, used 70656K [0x0000000082400000, 0x0000000100000000)
  region size 1024K, 24 young (24576K), 5 survivors (5120K)
 Metaspace       used 30851K, committed 31360K, reserved 1114112K
  class space    used 3611K, committed 3840K, reserved 1048576K
}
Event: 15.138 GC heap after
{Heap after GC invocations=13 (full 0):
 garbage-first heap   total reserved 2060288K, committed 91136K, used 61348K [0x0000000082400000, 0x0000000100000000)
  region size 1024K, 3 young (3072K), 3 survivors (3072K)
 Metaspace       used 30851K, committed 31360K, reserved 1114112K
  class space    used 3611K, committed 3840K, reserved 1048576K
}
Event: 15.491 GC heap before
{Heap before GC invocations=13 (full 0):
 garbage-first heap   total reserved 2060288K, committed 91136K, used 75684K [0x0000000082400000, 0x0000000100000000)
  region size 1024K, 17 young (17408K), 3 survivors (3072K)
 Metaspace       used 30861K, committed 31360K, reserved 1114112K
  class space    used 3611K, committed 3840K, reserved 1048576K
}
Event: 15.502 GC heap after
{Heap after GC invocations=14 (full 0):
 garbage-first heap   total reserved 2060288K, committed 110592K, used 55808K [0x0000000082400000, 0x0000000100000000)
  region size 1024K, 3 young (3072K), 3 survivors (3072K)
 Metaspace       used 30861K, committed 31360K, reserved 1114112K
  class space    used 3611K, committed 3840K, reserved 1048576K
}
Event: 16.046 GC heap before
{Heap before GC invocations=14 (full 0):
 garbage-first heap   total reserved 2060288K, committed 110592K, used 82432K [0x0000000082400000, 0x0000000100000000)
  region size 1024K, 27 young (27648K), 3 survivors (3072K)
 Metaspace       used 30920K, committed 31424K, reserved 1114112K
  class space    used 3614K, committed 3840K, reserved 1048576K
}
Event: 16.063 GC heap after
{Heap after GC invocations=15 (full 0):
 garbage-first heap   total reserved 2060288K, committed 110592K, used 64128K [0x0000000082400000, 0x0000000100000000)
  region size 1024K, 4 young (4096K), 4 survivors (4096K)
 Metaspace       used 30920K, committed 31424K, reserved 1114112K
  class space    used 3614K, committed 3840K, reserved 1048576K
}
Event: 16.789 GC heap before
{Heap before GC invocations=15 (full 0):
 garbage-first heap   total reserved 2060288K, committed 110592K, used 85632K [0x0000000082400000, 0x0000000100000000)
  region size 1024K, 26 young (26624K), 4 survivors (4096K)
 Metaspace       used 31759K, committed 32320K, reserved 1114112K
  class space    used 3720K, committed 3968K, reserved 1048576K
}
Event: 16.799 GC heap after
{Heap after GC invocations=16 (full 0):
 garbage-first heap   total reserved 2060288K, committed 110592K, used 66415K [0x0000000082400000, 0x0000000100000000)
  region size 1024K, 2 young (2048K), 2 survivors (2048K)
 Metaspace       used 31759K, committed 32320K, reserved 1114112K
  class space    used 3720K, committed 3968K, reserved 1048576K
}
Event: 17.448 GC heap before
{Heap before GC invocations=17 (full 0):
 garbage-first heap   total reserved 2060288K, committed 112640K, used 88943K [0x0000000082400000, 0x0000000100000000)
  region size 1024K, 25 young (25600K), 2 survivors (2048K)
 Metaspace       used 30933K, committed 31552K, reserved 1114112K
  class space    used 3591K, committed 3968K, reserved 1048576K
}
Event: 17.455 GC heap after
{Heap after GC invocations=18 (full 0):
 garbage-first heap   total reserved 2060288K, committed 112640K, used 66705K [0x0000000082400000, 0x0000000100000000)
  region size 1024K, 2 young (2048K), 2 survivors (2048K)
 Metaspace       used 30933K, committed 31552K, reserved 1114112K
  class space    used 3591K, committed 3968K, reserved 1048576K
}
Event: 18.195 GC heap before
{Heap before GC invocations=18 (full 0):
 garbage-first heap   total reserved 2060288K, committed 112640K, used 93329K [0x0000000082400000, 0x0000000100000000)
  region size 1024K, 28 young (28672K), 2 survivors (2048K)
 Metaspace       used 31149K, committed 31808K, reserved 1114112K
  class space    used 3601K, committed 3968K, reserved 1048576K
}
Event: 18.211 GC heap after
{Heap after GC invocations=19 (full 0):
 garbage-first heap   total reserved 2060288K, committed 112640K, used 59444K [0x0000000082400000, 0x0000000100000000)
  region size 1024K, 4 young (4096K), 4 survivors (4096K)
 Metaspace       used 31149K, committed 31808K, reserved 1114112K
  class space    used 3601K, committed 3968K, reserved 1048576K
}

